2020/01/30 00:38:39 [error] [exception.CDbException] SQLSTATE[HY000] [1044] Access denied for user 'pastebin'@'localhost' to database 'PasteBin'
2020/01/30 00:38:39 [error] [exception.CDbException] exception 'CDbException' with message 'CDbConnection failed to open the DB connection.' in /var/www/framework/db/CDbConnection.php:405
Stack trace:
#0 /var/www/framework/db/CDbConnection.php(347): CDbConnection->open()
#1 /var/www/framework/db/CDbConnection.php(325): CDbConnection->setActive(true)
#2 /var/www/framework/base/CModule.php(394): CDbConnection->init()
#3 /var/www/framework/base/CApplication.php(459): CModule->getComponent('db')
#4 /var/www/framework/db/ar/CActiveRecord.php(639): CApplication->getDb()
#5 /var/www/framework/db/ar/CActiveRecord.php(672): CActiveRecord->getDbConnection()
#6 /var/www/framework/db/ar/CActiveRecord.php(1604): CActiveRecord->getCommandBuilder()
#7 /var/www/framework/web/CActiveDataProvider.php(228): CActiveRecord->count(Object(CDbCriteria))
#8 /var/www/framework/web/CDataProvider.php(224): CActiveDataProvider->calculateTotalItemCount()
#9 /var/www/framework/web/CActiveDataProvider.php(178): CDataProvider->getTotalItemCount()
#10 /var/www/framework/web/CDataProvider.php(168): CActiveDataProvider->fetchData()
#11 /var/www/framework/zii/widgets/CBaseListView.php(125): CDataProvider->getData()
#12 /var/www/framework/zii/widgets/CListView.php(211): CBaseListView->init()
#13 /var/www/framework/web/CBaseController.php(147): CListView->init()
#14 /var/www/framework/web/CBaseController.php(181): CBaseController->createWidget('zii.widgets.CLi...', Array)
#15 /var/www/pastebin.stopmod.ru/protected/views/post/index.php(7): CBaseController->widget('zii.widgets.CLi...', Array)
#16 /var/www/framework/web/CBaseController.php(126): require('/var/www/pasteb...')
#17 /var/www/framework/web/CBaseController.php(95): CBaseController->renderInternal('/var/www/pasteb...', Array, true)
#18 /var/www/framework/web/CController.php(872): CBaseController->renderFile('/var/www/pasteb...', Array, true)
#19 /var/www/framework/web/CController.php(785): CController->renderPartial('index', Array, true)
#20 /var/www/pastebin.stopmod.ru/protected/controllers/PostController.php(155): CController->render('index', Array)
#21 /var/www/framework/web/actions/CInlineAction.php(49): PostController->actionIndex()
#22 /var/www/framework/web/CController.php(308): CInlineAction->runWithParams(Array)
#23 /var/www/framework/web/filters/CFilterChain.php(134): CController->runAction(Object(CInlineAction))
#24 /var/www/framework/web/filters/CFilter.php(40): CFilterChain->run()
#25 /var/www/framework/web/CController.php(1148): CFilter->filter(Object(CFilterChain))
#26 /var/www/framework/web/filters/CInlineFilter.php(58): CController->filterAccessControl(Object(CFilterChain))
#27 /var/www/framework/web/filters/CFilterChain.php(131): CInlineFilter->filter(Object(CFilterChain))
#28 /var/www/framework/web/CController.php(291): CFilterChain->run()
#29 /var/www/framework/web/CController.php(265): CController->runActionWithFilters(Object(CInlineAction), Array)
#30 /var/www/framework/web/CWebApplication.php(282): CController->run('index')
#31 /var/www/framework/web/CWebApplication.php(141): CWebApplication->runController('post/index')
#32 /var/www/framework/base/CApplication.php(185): CWebApplication->processRequest()
#33 /var/www/pastebin.stopmod.ru/index.php(11): CApplication->run()
#34 {main}
REQUEST_URI=/
---
2020/01/30 00:38:39 [error] [exception.CHttpException.404] exception 'CHttpException' with message 'Unable to resolve the request "favicon.ico".' in /var/www/framework/web/CWebApplication.php:286
Stack trace:
#0 /var/www/framework/web/CWebApplication.php(141): CWebApplication->runController('favicon.ico')
#1 /var/www/framework/base/CApplication.php(185): CWebApplication->processRequest()
#2 /var/www/pastebin.stopmod.ru/index.php(11): CApplication->run()
#3 {main}
REQUEST_URI=/favicon.ico
HTTP_REFERER=http://pastebin.stopmod.ru/
---
2020/01/30 00:38:49 [error] [exception.CException] exception 'CException' with message 'CAssetManager.basePath "/var/www/pastebin.stopmod.ru/assets" is invalid. Please make sure the directory exists and is writable by the Web server process.' in /var/www/framework/web/CAssetManager.php:138
Stack trace:
#0 /var/www/framework/web/CAssetManager.php(123): CAssetManager->setBasePath('/var/www/pasteb...')
#1 /var/www/framework/web/CAssetManager.php(217): CAssetManager->getBasePath()
#2 /var/www/framework/web/CClientScript.php(511): CAssetManager->publish('/var/www/framew...')
#3 /var/www/framework/web/CClientScript.php(548): CClientScript->getCoreScriptUrl()
#4 /var/www/framework/web/CClientScript.php(349): CClientScript->getPackageBaseUrl('jquery')
#5 /var/www/framework/web/CClientScript.php(208): CClientScript->renderCoreScripts()
#6 /var/www/framework/web/CController.php(352): CClientScript->render('<!DOCTYPE html ...')
#7 /var/www/framework/web/CController.php(791): CController->processOutput('<!DOCTYPE html ...')
#8 /var/www/pastebin.stopmod.ru/protected/controllers/SiteController.php(53): CController->render('login', Array)
#9 /var/www/framework/web/actions/CInlineAction.php(49): SiteController->actionLogin()
#10 /var/www/framework/web/CController.php(308): CInlineAction->runWithParams(Array)
#11 /var/www/framework/web/CController.php(286): CController->runAction(Object(CInlineAction))
#12 /var/www/framework/web/CController.php(265): CController->runActionWithFilters(Object(CInlineAction), Array)
#13 /var/www/framework/web/CWebApplication.php(282): CController->run('login')
#14 /var/www/framework/web/CWebApplication.php(141): CWebApplication->runController('site/login')
#15 /var/www/framework/base/CApplication.php(185): CWebApplication->processRequest()
#16 /var/www/pastebin.stopmod.ru/index.php(11): CApplication->run()
#17 {main}
REQUEST_URI=/login
HTTP_REFERER=http://pastebin.stopmod.ru/
---
2020/01/30 00:39:26 [error] [exception.CHttpException.404] exception 'CHttpException' with message 'Unable to resolve the request "favicon.ico".' in /var/www/framework/web/CWebApplication.php:286
Stack trace:
#0 /var/www/framework/web/CWebApplication.php(141): CWebApplication->runController('favicon.ico')
#1 /var/www/framework/base/CApplication.php(185): CWebApplication->processRequest()
#2 /var/www/pastebin.stopmod.ru/index.php(11): CApplication->run()
#3 {main}
REQUEST_URI=/favicon.ico
HTTP_REFERER=http://pastebin.stopmod.ru/login
---
2020/01/30 00:39:38 [error] [exception.CDbException] SQLSTATE[HY000] [1044] Access denied for user 'pastebin'@'localhost' to database 'PasteBin'
2020/01/30 00:39:38 [error] [exception.CDbException] exception 'CDbException' with message 'CDbConnection failed to open the DB connection.' in /var/www/framework/db/CDbConnection.php:405
Stack trace:
#0 /var/www/framework/db/CDbConnection.php(347): CDbConnection->open()
#1 /var/www/framework/db/CDbConnection.php(325): CDbConnection->setActive(true)
#2 /var/www/framework/base/CModule.php(394): CDbConnection->init()
#3 /var/www/framework/base/CApplication.php(459): CModule->getComponent('db')
#4 /var/www/framework/db/ar/CActiveRecord.php(639): CApplication->getDb()
#5 /var/www/framework/db/ar/CActiveRecord.php(672): CActiveRecord->getDbConnection()
#6 /var/www/framework/db/ar/CActiveRecord.php(1604): CActiveRecord->getCommandBuilder()
#7 /var/www/framework/web/CActiveDataProvider.php(228): CActiveRecord->count(Object(CDbCriteria))
#8 /var/www/framework/web/CDataProvider.php(224): CActiveDataProvider->calculateTotalItemCount()
#9 /var/www/framework/web/CActiveDataProvider.php(178): CDataProvider->getTotalItemCount()
#10 /var/www/framework/web/CDataProvider.php(168): CActiveDataProvider->fetchData()
#11 /var/www/framework/zii/widgets/CBaseListView.php(125): CDataProvider->getData()
#12 /var/www/framework/zii/widgets/CListView.php(211): CBaseListView->init()
#13 /var/www/framework/web/CBaseController.php(147): CListView->init()
#14 /var/www/framework/web/CBaseController.php(181): CBaseController->createWidget('zii.widgets.CLi...', Array)
#15 /var/www/pastebin.stopmod.ru/protected/views/post/index.php(7): CBaseController->widget('zii.widgets.CLi...', Array)
#16 /var/www/framework/web/CBaseController.php(126): require('/var/www/pasteb...')
#17 /var/www/framework/web/CBaseController.php(95): CBaseController->renderInternal('/var/www/pasteb...', Array, true)
#18 /var/www/framework/web/CController.php(872): CBaseController->renderFile('/var/www/pasteb...', Array, true)
#19 /var/www/framework/web/CController.php(785): CController->renderPartial('index', Array, true)
#20 /var/www/pastebin.stopmod.ru/protected/controllers/PostController.php(155): CController->render('index', Array)
#21 /var/www/framework/web/actions/CInlineAction.php(49): PostController->actionIndex()
#22 /var/www/framework/web/CController.php(308): CInlineAction->runWithParams(Array)
#23 /var/www/framework/web/filters/CFilterChain.php(134): CController->runAction(Object(CInlineAction))
#24 /var/www/framework/web/filters/CFilter.php(40): CFilterChain->run()
#25 /var/www/framework/web/CController.php(1148): CFilter->filter(Object(CFilterChain))
#26 /var/www/framework/web/filters/CInlineFilter.php(58): CController->filterAccessControl(Object(CFilterChain))
#27 /var/www/framework/web/filters/CFilterChain.php(131): CInlineFilter->filter(Object(CFilterChain))
#28 /var/www/framework/web/CController.php(291): CFilterChain->run()
#29 /var/www/framework/web/CController.php(265): CController->runActionWithFilters(Object(CInlineAction), Array)
#30 /var/www/framework/web/CWebApplication.php(282): CController->run('index')
#31 /var/www/framework/web/CWebApplication.php(141): CWebApplication->runController('post/index')
#32 /var/www/framework/base/CApplication.php(185): CWebApplication->processRequest()
#33 /var/www/pastebin.stopmod.ru/index.php(11): CApplication->run()
#34 {main}
REQUEST_URI=/
HTTP_REFERER=http://pastebin.stopmod.ru/login
---
2020/01/30 00:40:00 [error] [exception.CDbException] SQLSTATE[HY000] [1044] Access denied for user 'pastebin'@'localhost' to database 'Pastebin'
2020/01/30 00:40:00 [error] [exception.CDbException] exception 'CDbException' with message 'CDbConnection failed to open the DB connection.' in /var/www/framework/db/CDbConnection.php:405
Stack trace:
#0 /var/www/framework/db/CDbConnection.php(347): CDbConnection->open()
#1 /var/www/framework/db/CDbConnection.php(325): CDbConnection->setActive(true)
#2 /var/www/framework/base/CModule.php(394): CDbConnection->init()
#3 /var/www/framework/base/CApplication.php(459): CModule->getComponent('db')
#4 /var/www/framework/db/ar/CActiveRecord.php(639): CApplication->getDb()
#5 /var/www/framework/db/ar/CActiveRecord.php(672): CActiveRecord->getDbConnection()
#6 /var/www/framework/db/ar/CActiveRecord.php(1604): CActiveRecord->getCommandBuilder()
#7 /var/www/framework/web/CActiveDataProvider.php(228): CActiveRecord->count(Object(CDbCriteria))
#8 /var/www/framework/web/CDataProvider.php(224): CActiveDataProvider->calculateTotalItemCount()
#9 /var/www/framework/web/CActiveDataProvider.php(178): CDataProvider->getTotalItemCount()
#10 /var/www/framework/web/CDataProvider.php(168): CActiveDataProvider->fetchData()
#11 /var/www/framework/zii/widgets/CBaseListView.php(125): CDataProvider->getData()
#12 /var/www/framework/zii/widgets/CListView.php(211): CBaseListView->init()
#13 /var/www/framework/web/CBaseController.php(147): CListView->init()
#14 /var/www/framework/web/CBaseController.php(181): CBaseController->createWidget('zii.widgets.CLi...', Array)
#15 /var/www/pastebin.stopmod.ru/protected/views/post/index.php(7): CBaseController->widget('zii.widgets.CLi...', Array)
#16 /var/www/framework/web/CBaseController.php(126): require('/var/www/pasteb...')
#17 /var/www/framework/web/CBaseController.php(95): CBaseController->renderInternal('/var/www/pasteb...', Array, true)
#18 /var/www/framework/web/CController.php(872): CBaseController->renderFile('/var/www/pasteb...', Array, true)
#19 /var/www/framework/web/CController.php(785): CController->renderPartial('index', Array, true)
#20 /var/www/pastebin.stopmod.ru/protected/controllers/PostController.php(155): CController->render('index', Array)
#21 /var/www/framework/web/actions/CInlineAction.php(49): PostController->actionIndex()
#22 /var/www/framework/web/CController.php(308): CInlineAction->runWithParams(Array)
#23 /var/www/framework/web/filters/CFilterChain.php(134): CController->runAction(Object(CInlineAction))
#24 /var/www/framework/web/filters/CFilter.php(40): CFilterChain->run()
#25 /var/www/framework/web/CController.php(1148): CFilter->filter(Object(CFilterChain))
#26 /var/www/framework/web/filters/CInlineFilter.php(58): CController->filterAccessControl(Object(CFilterChain))
#27 /var/www/framework/web/filters/CFilterChain.php(131): CInlineFilter->filter(Object(CFilterChain))
#28 /var/www/framework/web/CController.php(291): CFilterChain->run()
#29 /var/www/framework/web/CController.php(265): CController->runActionWithFilters(Object(CInlineAction), Array)
#30 /var/www/framework/web/CWebApplication.php(282): CController->run('index')
#31 /var/www/framework/web/CWebApplication.php(141): CWebApplication->runController('post/index')
#32 /var/www/framework/base/CApplication.php(185): CWebApplication->processRequest()
#33 /var/www/pastebin.stopmod.ru/index.php(11): CApplication->run()
#34 {main}
REQUEST_URI=/
HTTP_REFERER=http://pastebin.stopmod.ru/login
---
2020/01/30 00:40:01 [error] [exception.CHttpException.404] exception 'CHttpException' with message 'Unable to resolve the request "favicon.ico".' in /var/www/framework/web/CWebApplication.php:286
Stack trace:
#0 /var/www/framework/web/CWebApplication.php(141): CWebApplication->runController('favicon.ico')
#1 /var/www/framework/base/CApplication.php(185): CWebApplication->processRequest()
#2 /var/www/pastebin.stopmod.ru/index.php(11): CApplication->run()
#3 {main}
REQUEST_URI=/favicon.ico
HTTP_REFERER=http://pastebin.stopmod.ru/
---
2020/01/30 00:40:02 [error] [exception.CDbException] SQLSTATE[HY000] [1044] Access denied for user 'pastebin'@'localhost' to database 'Pastebin'
2020/01/30 00:40:02 [error] [exception.CDbException] exception 'CDbException' with message 'CDbConnection failed to open the DB connection.' in /var/www/framework/db/CDbConnection.php:405
Stack trace:
#0 /var/www/framework/db/CDbConnection.php(347): CDbConnection->open()
#1 /var/www/framework/db/CDbConnection.php(325): CDbConnection->setActive(true)
#2 /var/www/framework/base/CModule.php(394): CDbConnection->init()
#3 /var/www/framework/base/CApplication.php(459): CModule->getComponent('db')
#4 /var/www/framework/db/ar/CActiveRecord.php(639): CApplication->getDb()
#5 /var/www/framework/db/ar/CActiveRecord.php(672): CActiveRecord->getDbConnection()
#6 /var/www/framework/db/ar/CActiveRecord.php(1604): CActiveRecord->getCommandBuilder()
#7 /var/www/framework/web/CActiveDataProvider.php(228): CActiveRecord->count(Object(CDbCriteria))
#8 /var/www/framework/web/CDataProvider.php(224): CActiveDataProvider->calculateTotalItemCount()
#9 /var/www/framework/web/CActiveDataProvider.php(178): CDataProvider->getTotalItemCount()
#10 /var/www/framework/web/CDataProvider.php(168): CActiveDataProvider->fetchData()
#11 /var/www/framework/zii/widgets/CBaseListView.php(125): CDataProvider->getData()
#12 /var/www/framework/zii/widgets/CListView.php(211): CBaseListView->init()
#13 /var/www/framework/web/CBaseController.php(147): CListView->init()
#14 /var/www/framework/web/CBaseController.php(181): CBaseController->createWidget('zii.widgets.CLi...', Array)
#15 /var/www/pastebin.stopmod.ru/protected/views/post/index.php(7): CBaseController->widget('zii.widgets.CLi...', Array)
#16 /var/www/framework/web/CBaseController.php(126): require('/var/www/pasteb...')
#17 /var/www/framework/web/CBaseController.php(95): CBaseController->renderInternal('/var/www/pasteb...', Array, true)
#18 /var/www/framework/web/CController.php(872): CBaseController->renderFile('/var/www/pasteb...', Array, true)
#19 /var/www/framework/web/CController.php(785): CController->renderPartial('index', Array, true)
#20 /var/www/pastebin.stopmod.ru/protected/controllers/PostController.php(155): CController->render('index', Array)
#21 /var/www/framework/web/actions/CInlineAction.php(49): PostController->actionIndex()
#22 /var/www/framework/web/CController.php(308): CInlineAction->runWithParams(Array)
#23 /var/www/framework/web/filters/CFilterChain.php(134): CController->runAction(Object(CInlineAction))
#24 /var/www/framework/web/filters/CFilter.php(40): CFilterChain->run()
#25 /var/www/framework/web/CController.php(1148): CFilter->filter(Object(CFilterChain))
#26 /var/www/framework/web/filters/CInlineFilter.php(58): CController->filterAccessControl(Object(CFilterChain))
#27 /var/www/framework/web/filters/CFilterChain.php(131): CInlineFilter->filter(Object(CFilterChain))
#28 /var/www/framework/web/CController.php(291): CFilterChain->run()
#29 /var/www/framework/web/CController.php(265): CController->runActionWithFilters(Object(CInlineAction), Array)
#30 /var/www/framework/web/CWebApplication.php(282): CController->run('index')
#31 /var/www/framework/web/CWebApplication.php(141): CWebApplication->runController('post/index')
#32 /var/www/framework/base/CApplication.php(185): CWebApplication->processRequest()
#33 /var/www/pastebin.stopmod.ru/index.php(11): CApplication->run()
#34 {main}
REQUEST_URI=/
HTTP_REFERER=http://pastebin.stopmod.ru/login
---
2020/01/30 00:40:02 [error] [exception.CHttpException.404] exception 'CHttpException' with message 'Unable to resolve the request "favicon.ico".' in /var/www/framework/web/CWebApplication.php:286
Stack trace:
#0 /var/www/framework/web/CWebApplication.php(141): CWebApplication->runController('favicon.ico')
#1 /var/www/framework/base/CApplication.php(185): CWebApplication->processRequest()
#2 /var/www/pastebin.stopmod.ru/index.php(11): CApplication->run()
#3 {main}
REQUEST_URI=/favicon.ico
HTTP_REFERER=http://pastebin.stopmod.ru/
---
2020/01/30 00:40:13 [error] [exception.CHttpException.404] exception 'CHttpException' with message 'Unable to resolve the request "favicon.ico".' in /var/www/framework/web/CWebApplication.php:286
Stack trace:
#0 /var/www/framework/web/CWebApplication.php(141): CWebApplication->runController('favicon.ico')
#1 /var/www/framework/base/CApplication.php(185): CWebApplication->processRequest()
#2 /var/www/pastebin.stopmod.ru/index.php(11): CApplication->run()
#3 {main}
REQUEST_URI=/favicon.ico
HTTP_REFERER=http://pastebin.stopmod.ru/
---
2020/01/30 00:40:30 [error] [exception.CHttpException.403] exception 'CHttpException' with message 'You are not authorized to perform this action.' in /var/www/framework/web/auth/CAccessControlFilter.php:183
Stack trace:
#0 /var/www/framework/web/auth/CAccessControlFilter.php(145): CAccessControlFilter->accessDenied(Object(CWebUser), 'You are not aut...')
#1 /var/www/framework/web/filters/CFilter.php(38): CAccessControlFilter->preFilter(Object(CFilterChain))
#2 /var/www/framework/web/CController.php(1148): CFilter->filter(Object(CFilterChain))
#3 /var/www/framework/web/filters/CInlineFilter.php(58): CController->filterAccessControl(Object(CFilterChain))
#4 /var/www/framework/web/filters/CFilterChain.php(131): CInlineFilter->filter(Object(CFilterChain))
#5 /var/www/framework/web/CController.php(291): CFilterChain->run()
#6 /var/www/framework/web/CController.php(265): CController->runActionWithFilters(Object(CInlineAction), Array)
#7 /var/www/framework/web/CWebApplication.php(282): CController->run('update')
#8 /var/www/framework/web/CWebApplication.php(141): CWebApplication->runController('post/update')
#9 /var/www/framework/base/CApplication.php(185): CWebApplication->processRequest()
#10 /var/www/pastebin.stopmod.ru/index.php(11): CApplication->run()
#11 {main}
REQUEST_URI=/update/477cd2be255ab592a53603aeac8bae0f
HTTP_REFERER=http://pastebin.stopmod.ru/login
---
2020/01/30 00:42:20 [error] [exception.CHttpException.404] exception 'CHttpException' with message 'Unable to resolve the request "favicon.ico".' in /var/www/framework/web/CWebApplication.php:286
Stack trace:
#0 /var/www/framework/web/CWebApplication.php(141): CWebApplication->runController('favicon.ico')
#1 /var/www/framework/base/CApplication.php(185): CWebApplication->processRequest()
#2 /var/www/pastebin.stopmod.ru/index.php(11): CApplication->run()
#3 {main}
REQUEST_URI=/favicon.ico
HTTP_REFERER=http://pastebin.stopmod.ru/
---
2020/01/30 09:46:26 [error] [exception.CHttpException.404] exception 'CHttpException' with message 'Unable to resolve the request "favicon.ico".' in /var/www/framework/web/CWebApplication.php:286
Stack trace:
#0 /var/www/framework/web/CWebApplication.php(141): CWebApplication->runController('favicon.ico')
#1 /var/www/framework/base/CApplication.php(185): CWebApplication->processRequest()
#2 /var/www/pastebin.stopmod.ru/index.php(11): CApplication->run()
#3 {main}
REQUEST_URI=/favicon.ico
HTTP_REFERER=http://pastebin.stopmod.ru/
---
2020/01/30 09:46:44 [error] [exception.CHttpException.404] exception 'CHttpException' with message 'The requested page does not exist.' in /var/www/pastebin.stopmod.ru/protected/controllers/PostController.php:189
Stack trace:
#0 /var/www/pastebin.stopmod.ru/protected/controllers/PostController.php(64): PostController->loadModel()
#1 /var/www/framework/web/actions/CInlineAction.php(49): PostController->actionView()
#2 /var/www/framework/web/CController.php(308): CInlineAction->runWithParams(Array)
#3 /var/www/framework/web/filters/CFilterChain.php(134): CController->runAction(Object(CInlineAction))
#4 /var/www/framework/web/filters/CFilter.php(40): CFilterChain->run()
#5 /var/www/framework/web/CController.php(1148): CFilter->filter(Object(CFilterChain))
#6 /var/www/framework/web/filters/CInlineFilter.php(58): CController->filterAccessControl(Object(CFilterChain))
#7 /var/www/framework/web/filters/CFilterChain.php(131): CInlineFilter->filter(Object(CFilterChain))
#8 /var/www/framework/web/CController.php(291): CFilterChain->run()
#9 /var/www/framework/web/CController.php(265): CController->runActionWithFilters(Object(CInlineAction), Array)
#10 /var/www/framework/web/CWebApplication.php(282): CController->run('view')
#11 /var/www/framework/web/CWebApplication.php(141): CWebApplication->runController('post/view')
#12 /var/www/framework/base/CApplication.php(185): CWebApplication->processRequest()
#13 /var/www/pastebin.stopmod.ru/index.php(11): CApplication->run()
#14 {main}
REQUEST_URI=/068067e08dae10f5268361abdb564e0a
---
2020/01/30 09:46:57 [error] [exception.CHttpException.403] exception 'CHttpException' with message 'You are not authorized to perform this action.' in /var/www/framework/web/auth/CAccessControlFilter.php:183
Stack trace:
#0 /var/www/framework/web/auth/CAccessControlFilter.php(145): CAccessControlFilter->accessDenied(Object(CWebUser), 'You are not aut...')
#1 /var/www/framework/web/filters/CFilter.php(38): CAccessControlFilter->preFilter(Object(CFilterChain))
#2 /var/www/framework/web/CController.php(1148): CFilter->filter(Object(CFilterChain))
#3 /var/www/framework/web/filters/CInlineFilter.php(58): CController->filterAccessControl(Object(CFilterChain))
#4 /var/www/framework/web/filters/CFilterChain.php(131): CInlineFilter->filter(Object(CFilterChain))
#5 /var/www/framework/web/CController.php(291): CFilterChain->run()
#6 /var/www/framework/web/CController.php(265): CController->runActionWithFilters(Object(CInlineAction), Array)
#7 /var/www/framework/web/CWebApplication.php(282): CController->run('update')
#8 /var/www/framework/web/CWebApplication.php(141): CWebApplication->runController('post/update')
#9 /var/www/framework/base/CApplication.php(185): CWebApplication->processRequest()
#10 /var/www/pastebin.stopmod.ru/index.php(11): CApplication->run()
#11 {main}
REQUEST_URI=/update/068067e08dae10f5268361abdb564e0a
HTTP_REFERER=http://pastebin.stopmod.ru/login
---
2020/01/30 09:56:26 [error] [exception.CHttpException.403] exception 'CHttpException' with message 'You are not authorized to perform this action.' in /var/www/framework/web/auth/CAccessControlFilter.php:183
Stack trace:
#0 /var/www/framework/web/auth/CAccessControlFilter.php(145): CAccessControlFilter->accessDenied(Object(CWebUser), 'You are not aut...')
#1 /var/www/framework/web/filters/CFilter.php(38): CAccessControlFilter->preFilter(Object(CFilterChain))
#2 /var/www/framework/web/CController.php(1148): CFilter->filter(Object(CFilterChain))
#3 /var/www/framework/web/filters/CInlineFilter.php(58): CController->filterAccessControl(Object(CFilterChain))
#4 /var/www/framework/web/filters/CFilterChain.php(131): CInlineFilter->filter(Object(CFilterChain))
#5 /var/www/framework/web/CController.php(291): CFilterChain->run()
#6 /var/www/framework/web/CController.php(265): CController->runActionWithFilters(Object(CInlineAction), Array)
#7 /var/www/framework/web/CWebApplication.php(282): CController->run('delete')
#8 /var/www/framework/web/CWebApplication.php(141): CWebApplication->runController('post/delete')
#9 /var/www/framework/base/CApplication.php(185): CWebApplication->processRequest()
#10 /var/www/pastebin.stopmod.ru/index.php(11): CApplication->run()
#11 {main}
REQUEST_URI=/delete/068067e08dae10f5268361abdb564e0a
---
2020/01/30 11:28:21 [error] [exception.CHttpException.404] exception 'CHttpException' with message 'The system is unable to find the requested action "index".' in /var/www/framework/web/CController.php:486
Stack trace:
#0 /var/www/framework/web/CController.php(270): CController->missingAction('index')
#1 /var/www/framework/web/CWebApplication.php(282): CController->run('index')
#2 /var/www/framework/web/CWebApplication.php(141): CWebApplication->runController('site/index')
#3 /var/www/framework/base/CApplication.php(185): CWebApplication->processRequest()
#4 /var/www/pastebin.stopmod.ru/index.php(11): CApplication->run()
#5 {main}
REQUEST_URI=/site/index
HTTP_REFERER=http://pastebin.stopmod.ru/signUp
---
2020/01/30 11:29:44 [error] [exception.CHttpException.404] exception 'CHttpException' with message 'The system is unable to find the requested action "index".' in /var/www/framework/web/CController.php:486
Stack trace:
#0 /var/www/framework/web/CController.php(270): CController->missingAction('index')
#1 /var/www/framework/web/CWebApplication.php(282): CController->run('index')
#2 /var/www/framework/web/CWebApplication.php(141): CWebApplication->runController('site/index')
#3 /var/www/framework/base/CApplication.php(185): CWebApplication->processRequest()
#4 /var/www/pastebin.stopmod.ru/index.php(11): CApplication->run()
#5 {main}
REQUEST_URI=/site/index
HTTP_REFERER=http://pastebin.stopmod.ru/signUp
---
2020/01/30 11:30:58 [error] [exception.CHttpException.404] exception 'CHttpException' with message 'The system is unable to find the requested action "index".' in /var/www/framework/web/CController.php:486
Stack trace:
#0 /var/www/framework/web/CController.php(270): CController->missingAction('index')
#1 /var/www/framework/web/CWebApplication.php(282): CController->run('index')
#2 /var/www/framework/web/CWebApplication.php(141): CWebApplication->runController('site/index')
#3 /var/www/framework/base/CApplication.php(185): CWebApplication->processRequest()
#4 /var/www/pastebin.stopmod.ru/index.php(11): CApplication->run()
#5 {main}
REQUEST_URI=/site/index
HTTP_REFERER=http://pastebin.stopmod.ru/signUp
---
2020/01/30 11:40:43 [error] [exception.CHttpException.404] exception 'CHttpException' with message 'The system is unable to find the requested action "index.php".' in /var/www/framework/web/CController.php:486
Stack trace:
#0 /var/www/framework/web/CController.php(270): CController->missingAction('index.php')
#1 /var/www/framework/web/CWebApplication.php(282): CController->run('index.php')
#2 /var/www/framework/web/CWebApplication.php(141): CWebApplication->runController('site/index.php')
#3 /var/www/framework/base/CApplication.php(185): CWebApplication->processRequest()
#4 /var/www/pastebin.stopmod.ru/index.php(11): CApplication->run()
#5 {main}
REQUEST_URI=/site/index.php
---
2020/01/30 11:42:11 [error] [exception.CHttpException.404] exception 'CHttpException' with message 'The system is unable to find the requested action "regok.php".' in /var/www/framework/web/CController.php:486
Stack trace:
#0 /var/www/framework/web/CController.php(270): CController->missingAction('regok.php')
#1 /var/www/framework/web/CWebApplication.php(282): CController->run('regok.php')
#2 /var/www/framework/web/CWebApplication.php(141): CWebApplication->runController('site/regok.php')
#3 /var/www/framework/base/CApplication.php(185): CWebApplication->processRequest()
#4 /var/www/pastebin.stopmod.ru/index.php(11): CApplication->run()
#5 {main}
REQUEST_URI=/site/regok.php
---
2020/01/30 11:51:12 [error] [exception.CHttpException.404] exception 'CHttpException' with message 'The system is unable to find the requested action "regok.php".' in /var/www/framework/web/CController.php:486
Stack trace:
#0 /var/www/framework/web/CController.php(270): CController->missingAction('regok.php')
#1 /var/www/framework/web/CWebApplication.php(282): CController->run('regok.php')
#2 /var/www/framework/web/CWebApplication.php(141): CWebApplication->runController('site/regok.php')
#3 /var/www/framework/base/CApplication.php(185): CWebApplication->processRequest()
#4 /var/www/pastebin.stopmod.ru/index.php(11): CApplication->run()
#5 {main}
REQUEST_URI=/site/regok.php
---
2020/01/30 11:51:12 [error] [exception.CHttpException.404] exception 'CHttpException' with message 'Unable to resolve the request "favicon.ico".' in /var/www/framework/web/CWebApplication.php:286
Stack trace:
#0 /var/www/framework/web/CWebApplication.php(141): CWebApplication->runController('favicon.ico')
#1 /var/www/framework/base/CApplication.php(185): CWebApplication->processRequest()
#2 /var/www/pastebin.stopmod.ru/index.php(11): CApplication->run()
#3 {main}
REQUEST_URI=/favicon.ico
HTTP_REFERER=http://pastebin.stopmod.ru/site/regok.php
---
2020/01/30 11:52:11 [error] [exception.CHttpException.404] exception 'CHttpException' with message 'Unable to resolve the request "favicon.ico".' in /var/www/framework/web/CWebApplication.php:286
Stack trace:
#0 /var/www/framework/web/CWebApplication.php(141): CWebApplication->runController('favicon.ico')
#1 /var/www/framework/base/CApplication.php(185): CWebApplication->processRequest()
#2 /var/www/pastebin.stopmod.ru/index.php(11): CApplication->run()
#3 {main}
REQUEST_URI=/favicon.ico
HTTP_REFERER=http://pastebin.stopmod.ru/
---
2020/01/30 17:20:10 [error] [exception.CHttpException.404] exception 'CHttpException' with message 'Unable to resolve the request "favicon.ico".' in /var/www/framework/web/CWebApplication.php:286
Stack trace:
#0 /var/www/framework/web/CWebApplication.php(141): CWebApplication->runController('favicon.ico')
#1 /var/www/framework/base/CApplication.php(185): CWebApplication->processRequest()
#2 /var/www/pastebin.stopmod.ru/index.php(11): CApplication->run()
#3 {main}
REQUEST_URI=/favicon.ico
HTTP_REFERER=http://pastebin.stopmod.ru/
---
2020/01/30 17:21:24 [error] [php] Trying to get property of non-object (/var/www/pastebin.stopmod.ru/protected/controllers/PostController.php:56)
Stack trace:
#0 /var/www/framework/web/auth/CAccessControlFilter.php(393): CAccessRule->evaluateExpression()
#1 /var/www/framework/web/auth/CAccessControlFilter.php(289): CAccessRule->isExpressionMatched()
#2 /var/www/framework/web/auth/CAccessControlFilter.php(138): CAccessRule->isUserAllowed()
#3 /var/www/framework/web/filters/CFilter.php(38): CAccessControlFilter->preFilter()
#4 /var/www/framework/web/CController.php(1148): CAccessControlFilter->filter()
#5 /var/www/framework/web/filters/CInlineFilter.php(58): PostController->filterAccessControl()
#6 /var/www/framework/web/filters/CFilterChain.php(131): CInlineFilter->filter()
#7 /var/www/framework/web/CController.php(291): CFilterChain->run()
#8 /var/www/framework/web/CController.php(265): PostController->runActionWithFilters()
#9 /var/www/framework/web/CWebApplication.php(282): PostController->run()
#10 /var/www/framework/web/CWebApplication.php(141): CWebApplication->runController()
#11 /var/www/framework/base/CApplication.php(185): CWebApplication->processRequest()
#12 /var/www/pastebin.stopmod.ru/index.php(11): CWebApplication->run()
REQUEST_URI=/update/068067e08dae10f5268361abdb564e0ad
2020/01/30 17:21:34 [error] [php] Trying to get property of non-object (/var/www/pastebin.stopmod.ru/protected/controllers/PostController.php:56)
Stack trace:
#0 /var/www/framework/web/auth/CAccessControlFilter.php(393): CAccessRule->evaluateExpression()
#1 /var/www/framework/web/auth/CAccessControlFilter.php(289): CAccessRule->isExpressionMatched()
#2 /var/www/framework/web/auth/CAccessControlFilter.php(138): CAccessRule->isUserAllowed()
#3 /var/www/framework/web/filters/CFilter.php(38): CAccessControlFilter->preFilter()
#4 /var/www/framework/web/CController.php(1148): CAccessControlFilter->filter()
#5 /var/www/framework/web/filters/CInlineFilter.php(58): PostController->filterAccessControl()
#6 /var/www/framework/web/filters/CFilterChain.php(131): CInlineFilter->filter()
#7 /var/www/framework/web/CController.php(291): CFilterChain->run()
#8 /var/www/framework/web/CController.php(265): PostController->runActionWithFilters()
#9 /var/www/framework/web/CWebApplication.php(282): PostController->run()
#10 /var/www/framework/web/CWebApplication.php(141): CWebApplication->runController()
#11 /var/www/framework/base/CApplication.php(185): CWebApplication->processRequest()
#12 /var/www/pastebin.stopmod.ru/index.php(11): CWebApplication->run()
REQUEST_URI=/update/068067e08dae10f5268361abdb564e05
2020/01/30 17:22:14 [error] [php] Trying to get property of non-object (/var/www/pastebin.stopmod.ru/protected/controllers/PostController.php:56)
Stack trace:
#0 /var/www/framework/web/auth/CAccessControlFilter.php(393): CAccessRule->evaluateExpression()
#1 /var/www/framework/web/auth/CAccessControlFilter.php(289): CAccessRule->isExpressionMatched()
#2 /var/www/framework/web/auth/CAccessControlFilter.php(138): CAccessRule->isUserAllowed()
#3 /var/www/framework/web/filters/CFilter.php(38): CAccessControlFilter->preFilter()
#4 /var/www/framework/web/CController.php(1148): CAccessControlFilter->filter()
#5 /var/www/framework/web/filters/CInlineFilter.php(58): PostController->filterAccessControl()
#6 /var/www/framework/web/filters/CFilterChain.php(131): CInlineFilter->filter()
#7 /var/www/framework/web/CController.php(291): CFilterChain->run()
#8 /var/www/framework/web/CController.php(265): PostController->runActionWithFilters()
#9 /var/www/framework/web/CWebApplication.php(282): PostController->run()
#10 /var/www/framework/web/CWebApplication.php(141): CWebApplication->runController()
#11 /var/www/framework/base/CApplication.php(185): CWebApplication->processRequest()
#12 /var/www/pastebin.stopmod.ru/index.php(11): CWebApplication->run()
REQUEST_URI=/update/068064e08dae10f5268361abdb564e0a
2020/01/30 17:34:13 [error] [exception.CHttpException.404] exception 'CHttpException' with message 'Unable to resolve the request "favicon.ico".' in /var/www/framework/web/CWebApplication.php:286
Stack trace:
#0 /var/www/framework/web/CWebApplication.php(141): CWebApplication->runController('favicon.ico')
#1 /var/www/framework/base/CApplication.php(185): CWebApplication->processRequest()
#2 /var/www/pastebin.stopmod.ru/index.php(11): CApplication->run()
#3 {main}
REQUEST_URI=/favicon.ico
HTTP_REFERER=http://pastebin.stopmod.ru/
---
2020/01/30 17:34:31 [error] [exception.CHttpException.404] exception 'CHttpException' with message 'The requested page does not exist.' in /var/www/pastebin.stopmod.ru/protected/controllers/PostController.php:189
Stack trace:
#0 /var/www/pastebin.stopmod.ru/protected/controllers/PostController.php(64): PostController->loadModel()
#1 /var/www/framework/web/actions/CInlineAction.php(49): PostController->actionView()
#2 /var/www/framework/web/CController.php(308): CInlineAction->runWithParams(Array)
#3 /var/www/framework/web/filters/CFilterChain.php(134): CController->runAction(Object(CInlineAction))
#4 /var/www/framework/web/filters/CFilter.php(40): CFilterChain->run()
#5 /var/www/framework/web/CController.php(1148): CFilter->filter(Object(CFilterChain))
#6 /var/www/framework/web/filters/CInlineFilter.php(58): CController->filterAccessControl(Object(CFilterChain))
#7 /var/www/framework/web/filters/CFilterChain.php(131): CInlineFilter->filter(Object(CFilterChain))
#8 /var/www/framework/web/CController.php(291): CFilterChain->run()
#9 /var/www/framework/web/CController.php(265): CController->runActionWithFilters(Object(CInlineAction), Array)
#10 /var/www/framework/web/CWebApplication.php(282): CController->run('view')
#11 /var/www/framework/web/CWebApplication.php(141): CWebApplication->runController('post/view')
#12 /var/www/framework/base/CApplication.php(185): CWebApplication->processRequest()
#13 /var/www/pastebin.stopmod.ru/index.php(11): CApplication->run()
#14 {main}
REQUEST_URI=/068067e08dae10f5268361abdb564e0a
---
2020/01/30 17:59:12 [error] [exception.CHttpException.404] exception 'CHttpException' with message 'The requested page does not exist.' in /var/www/pastebin.stopmod.ru/protected/controllers/PostController.php:189
Stack trace:
#0 /var/www/pastebin.stopmod.ru/protected/controllers/PostController.php(64): PostController->loadModel()
#1 /var/www/framework/web/actions/CInlineAction.php(49): PostController->actionView()
#2 /var/www/framework/web/CController.php(308): CInlineAction->runWithParams(Array)
#3 /var/www/framework/web/filters/CFilterChain.php(134): CController->runAction(Object(CInlineAction))
#4 /var/www/framework/web/filters/CFilter.php(40): CFilterChain->run()
#5 /var/www/framework/web/CController.php(1148): CFilter->filter(Object(CFilterChain))
#6 /var/www/framework/web/filters/CInlineFilter.php(58): CController->filterAccessControl(Object(CFilterChain))
#7 /var/www/framework/web/filters/CFilterChain.php(131): CInlineFilter->filter(Object(CFilterChain))
#8 /var/www/framework/web/CController.php(291): CFilterChain->run()
#9 /var/www/framework/web/CController.php(265): CController->runActionWithFilters(Object(CInlineAction), Array)
#10 /var/www/framework/web/CWebApplication.php(282): CController->run('view')
#11 /var/www/framework/web/CWebApplication.php(141): CWebApplication->runController('post/view')
#12 /var/www/framework/base/CApplication.php(185): CWebApplication->processRequest()
#13 /var/www/pastebin.stopmod.ru/index.php(11): CApplication->run()
#14 {main}
REQUEST_URI=/068067e08dae10f5268361abdb564e0a
---
2020/01/30 18:00:19 [error] [exception.CHttpException.404] exception 'CHttpException' with message 'The requested page does not exist.' in /var/www/pastebin.stopmod.ru/protected/controllers/PostController.php:189
Stack trace:
#0 /var/www/pastebin.stopmod.ru/protected/controllers/PostController.php(64): PostController->loadModel()
#1 /var/www/framework/web/actions/CInlineAction.php(49): PostController->actionView()
#2 /var/www/framework/web/CController.php(308): CInlineAction->runWithParams(Array)
#3 /var/www/framework/web/filters/CFilterChain.php(134): CController->runAction(Object(CInlineAction))
#4 /var/www/framework/web/filters/CFilter.php(40): CFilterChain->run()
#5 /var/www/framework/web/CController.php(1148): CFilter->filter(Object(CFilterChain))
#6 /var/www/framework/web/filters/CInlineFilter.php(58): CController->filterAccessControl(Object(CFilterChain))
#7 /var/www/framework/web/filters/CFilterChain.php(131): CInlineFilter->filter(Object(CFilterChain))
#8 /var/www/framework/web/CController.php(291): CFilterChain->run()
#9 /var/www/framework/web/CController.php(265): CController->runActionWithFilters(Object(CInlineAction), Array)
#10 /var/www/framework/web/CWebApplication.php(282): CController->run('view')
#11 /var/www/framework/web/CWebApplication.php(141): CWebApplication->runController('post/view')
#12 /var/www/framework/base/CApplication.php(185): CWebApplication->processRequest()
#13 /var/www/pastebin.stopmod.ru/index.php(11): CApplication->run()
#14 {main}
REQUEST_URI=/068067e08dae10f5268361abdb564e0a
---
2020/01/30 18:00:19 [error] [exception.CHttpException.404] exception 'CHttpException' with message 'Unable to resolve the request "favicon.ico".' in /var/www/framework/web/CWebApplication.php:286
Stack trace:
#0 /var/www/framework/web/CWebApplication.php(141): CWebApplication->runController('favicon.ico')
#1 /var/www/framework/base/CApplication.php(185): CWebApplication->processRequest()
#2 /var/www/pastebin.stopmod.ru/index.php(11): CApplication->run()
#3 {main}
REQUEST_URI=/favicon.ico
HTTP_REFERER=http://pastebin.stopmod.ru/068067e08dae10f5268361abdb564e0a
---
2020/01/30 18:01:13 [error] [exception.CHttpException.404] exception 'CHttpException' with message 'The requested page does not exist.' in /var/www/pastebin.stopmod.ru/protected/controllers/PostController.php:189
Stack trace:
#0 /var/www/pastebin.stopmod.ru/protected/controllers/PostController.php(64): PostController->loadModel()
#1 /var/www/framework/web/actions/CInlineAction.php(49): PostController->actionView()
#2 /var/www/framework/web/CController.php(308): CInlineAction->runWithParams(Array)
#3 /var/www/framework/web/filters/CFilterChain.php(134): CController->runAction(Object(CInlineAction))
#4 /var/www/framework/web/filters/CFilter.php(40): CFilterChain->run()
#5 /var/www/framework/web/CController.php(1148): CFilter->filter(Object(CFilterChain))
#6 /var/www/framework/web/filters/CInlineFilter.php(58): CController->filterAccessControl(Object(CFilterChain))
#7 /var/www/framework/web/filters/CFilterChain.php(131): CInlineFilter->filter(Object(CFilterChain))
#8 /var/www/framework/web/CController.php(291): CFilterChain->run()
#9 /var/www/framework/web/CController.php(265): CController->runActionWithFilters(Object(CInlineAction), Array)
#10 /var/www/framework/web/CWebApplication.php(282): CController->run('view')
#11 /var/www/framework/web/CWebApplication.php(141): CWebApplication->runController('post/view')
#12 /var/www/framework/base/CApplication.php(185): CWebApplication->processRequest()
#13 /var/www/pastebin.stopmod.ru/index.php(11): CApplication->run()
#14 {main}
REQUEST_URI=/068067e08dae10f5268361abdb564e0a
---
2020/01/30 18:01:13 [error] [exception.CHttpException.404] exception 'CHttpException' with message 'Unable to resolve the request "favicon.ico".' in /var/www/framework/web/CWebApplication.php:286
Stack trace:
#0 /var/www/framework/web/CWebApplication.php(141): CWebApplication->runController('favicon.ico')
#1 /var/www/framework/base/CApplication.php(185): CWebApplication->processRequest()
#2 /var/www/pastebin.stopmod.ru/index.php(11): CApplication->run()
#3 {main}
REQUEST_URI=/favicon.ico
HTTP_REFERER=http://pastebin.stopmod.ru/068067e08dae10f5268361abdb564e0a
---
2020/01/30 18:01:14 [error] [exception.CHttpException.404] exception 'CHttpException' with message 'The requested page does not exist.' in /var/www/pastebin.stopmod.ru/protected/controllers/PostController.php:189
Stack trace:
#0 /var/www/pastebin.stopmod.ru/protected/controllers/PostController.php(64): PostController->loadModel()
#1 /var/www/framework/web/actions/CInlineAction.php(49): PostController->actionView()
#2 /var/www/framework/web/CController.php(308): CInlineAction->runWithParams(Array)
#3 /var/www/framework/web/filters/CFilterChain.php(134): CController->runAction(Object(CInlineAction))
#4 /var/www/framework/web/filters/CFilter.php(40): CFilterChain->run()
#5 /var/www/framework/web/CController.php(1148): CFilter->filter(Object(CFilterChain))
#6 /var/www/framework/web/filters/CInlineFilter.php(58): CController->filterAccessControl(Object(CFilterChain))
#7 /var/www/framework/web/filters/CFilterChain.php(131): CInlineFilter->filter(Object(CFilterChain))
#8 /var/www/framework/web/CController.php(291): CFilterChain->run()
#9 /var/www/framework/web/CController.php(265): CController->runActionWithFilters(Object(CInlineAction), Array)
#10 /var/www/framework/web/CWebApplication.php(282): CController->run('view')
#11 /var/www/framework/web/CWebApplication.php(141): CWebApplication->runController('post/view')
#12 /var/www/framework/base/CApplication.php(185): CWebApplication->processRequest()
#13 /var/www/pastebin.stopmod.ru/index.php(11): CApplication->run()
#14 {main}
REQUEST_URI=/068067e08dae10f5268361abdb564e0a
---
2020/01/30 18:01:14 [error] [exception.CHttpException.404] exception 'CHttpException' with message 'Unable to resolve the request "favicon.ico".' in /var/www/framework/web/CWebApplication.php:286
Stack trace:
#0 /var/www/framework/web/CWebApplication.php(141): CWebApplication->runController('favicon.ico')
#1 /var/www/framework/base/CApplication.php(185): CWebApplication->processRequest()
#2 /var/www/pastebin.stopmod.ru/index.php(11): CApplication->run()
#3 {main}
REQUEST_URI=/favicon.ico
HTTP_REFERER=http://pastebin.stopmod.ru/068067e08dae10f5268361abdb564e0a
---
2020/01/30 18:02:37 [error] [exception.CHttpException.404] exception 'CHttpException' with message 'The requested page does not exist.' in /var/www/pastebin.stopmod.ru/protected/controllers/PostController.php:189
Stack trace:
#0 /var/www/pastebin.stopmod.ru/protected/controllers/PostController.php(64): PostController->loadModel()
#1 /var/www/framework/web/actions/CInlineAction.php(49): PostController->actionView()
#2 /var/www/framework/web/CController.php(308): CInlineAction->runWithParams(Array)
#3 /var/www/framework/web/filters/CFilterChain.php(134): CController->runAction(Object(CInlineAction))
#4 /var/www/framework/web/filters/CFilter.php(40): CFilterChain->run()
#5 /var/www/framework/web/CController.php(1148): CFilter->filter(Object(CFilterChain))
#6 /var/www/framework/web/filters/CInlineFilter.php(58): CController->filterAccessControl(Object(CFilterChain))
#7 /var/www/framework/web/filters/CFilterChain.php(131): CInlineFilter->filter(Object(CFilterChain))
#8 /var/www/framework/web/CController.php(291): CFilterChain->run()
#9 /var/www/framework/web/CController.php(265): CController->runActionWithFilters(Object(CInlineAction), Array)
#10 /var/www/framework/web/CWebApplication.php(282): CController->run('view')
#11 /var/www/framework/web/CWebApplication.php(141): CWebApplication->runController('post/view')
#12 /var/www/framework/base/CApplication.php(185): CWebApplication->processRequest()
#13 /var/www/pastebin.stopmod.ru/index.php(11): CApplication->run()
#14 {main}
REQUEST_URI=/068067e08dae10f5268361abdb564e0a
---
2020/01/30 18:02:38 [error] [exception.CHttpException.404] exception 'CHttpException' with message 'Unable to resolve the request "favicon.ico".' in /var/www/framework/web/CWebApplication.php:286
Stack trace:
#0 /var/www/framework/web/CWebApplication.php(141): CWebApplication->runController('favicon.ico')
#1 /var/www/framework/base/CApplication.php(185): CWebApplication->processRequest()
#2 /var/www/pastebin.stopmod.ru/index.php(11): CApplication->run()
#3 {main}
REQUEST_URI=/favicon.ico
HTTP_REFERER=http://pastebin.stopmod.ru/068067e08dae10f5268361abdb564e0a
---
2020/01/30 18:02:39 [error] [exception.CHttpException.404] exception 'CHttpException' with message 'The requested page does not exist.' in /var/www/pastebin.stopmod.ru/protected/controllers/PostController.php:189
Stack trace:
#0 /var/www/pastebin.stopmod.ru/protected/controllers/PostController.php(64): PostController->loadModel()
#1 /var/www/framework/web/actions/CInlineAction.php(49): PostController->actionView()
#2 /var/www/framework/web/CController.php(308): CInlineAction->runWithParams(Array)
#3 /var/www/framework/web/filters/CFilterChain.php(134): CController->runAction(Object(CInlineAction))
#4 /var/www/framework/web/filters/CFilter.php(40): CFilterChain->run()
#5 /var/www/framework/web/CController.php(1148): CFilter->filter(Object(CFilterChain))
#6 /var/www/framework/web/filters/CInlineFilter.php(58): CController->filterAccessControl(Object(CFilterChain))
#7 /var/www/framework/web/filters/CFilterChain.php(131): CInlineFilter->filter(Object(CFilterChain))
#8 /var/www/framework/web/CController.php(291): CFilterChain->run()
#9 /var/www/framework/web/CController.php(265): CController->runActionWithFilters(Object(CInlineAction), Array)
#10 /var/www/framework/web/CWebApplication.php(282): CController->run('view')
#11 /var/www/framework/web/CWebApplication.php(141): CWebApplication->runController('post/view')
#12 /var/www/framework/base/CApplication.php(185): CWebApplication->processRequest()
#13 /var/www/pastebin.stopmod.ru/index.php(11): CApplication->run()
#14 {main}
REQUEST_URI=/068067e08dae10f5268361abdb564e0a
---
2020/01/30 18:02:39 [error] [exception.CHttpException.404] exception 'CHttpException' with message 'Unable to resolve the request "favicon.ico".' in /var/www/framework/web/CWebApplication.php:286
Stack trace:
#0 /var/www/framework/web/CWebApplication.php(141): CWebApplication->runController('favicon.ico')
#1 /var/www/framework/base/CApplication.php(185): CWebApplication->processRequest()
#2 /var/www/pastebin.stopmod.ru/index.php(11): CApplication->run()
#3 {main}
REQUEST_URI=/favicon.ico
HTTP_REFERER=http://pastebin.stopmod.ru/068067e08dae10f5268361abdb564e0a
---
2020/02/01 23:28:59 [error] [exception.CHttpException.404] exception 'CHttpException' with message 'Unable to resolve the request "favicon.ico".' in /var/www/framework/web/CWebApplication.php:286
Stack trace:
#0 /var/www/framework/web/CWebApplication.php(141): CWebApplication->runController('favicon.ico')
#1 /var/www/framework/base/CApplication.php(185): CWebApplication->processRequest()
#2 /var/www/pastebin.stopmod.ru/index.php(11): CApplication->run()
#3 {main}
REQUEST_URI=/favicon.ico
HTTP_REFERER=http://pastebin.stopmod.ru/
---
2020/02/02 00:27:01 [error] [exception.CHttpException.404] exception 'CHttpException' with message 'Unable to resolve the request "favicon.ico".' in /var/www/framework/web/CWebApplication.php:286
Stack trace:
#0 /var/www/framework/web/CWebApplication.php(141): CWebApplication->runController('favicon.ico')
#1 /var/www/framework/base/CApplication.php(185): CWebApplication->processRequest()
#2 /var/www/pastebin.stopmod.ru/index.php(11): CApplication->run()
#3 {main}
REQUEST_URI=/favicon.ico
HTTP_REFERER=http://pastebin.stopmod.ru/?uid=43307412&first_name=%D0%98%D0%BB%D1%8C%D1%8F&last_name=%D0%AF%D1%80%D1%8B%D1%88&photo=https://sun9-72.userapi.com/c623922/v623922412/53cd/oI0N9Uw9s3U.jpg%3Fava=1&photo_rec=https://sun9-18.userapi.com/c623922/v623922412/53d0/eZOlFNWHlBs.jpg%3Fava=1&hash=c5c2b0ece68fe6d52f5de33bd5663d30&uid=43307412&first_name=%D0%98%D0%BB%D1%8C%D1%8F&last_name=%D0%AF%D1%80%D1%8B%D1%88&photo=https://sun9-72.userapi.com/c623922/v623922412/53cd/oI0N9Uw9s3U.jpg%3Fava=1&photo_rec=https://sun9-18.userapi.com/c623922/v623922412/53d0/eZOlFNWHlBs.jpg%3Fava=1&hash=c5c2b0ece68fe6d52f5de33bd5663d30
---
2020/02/02 00:27:40 [error] [exception.CHttpException.404] exception 'CHttpException' with message 'Unable to resolve the request "dev/Login".' in /var/www/framework/web/CWebApplication.php:286
Stack trace:
#0 /var/www/framework/web/CWebApplication.php(141): CWebApplication->runController('dev/Login')
#1 /var/www/framework/base/CApplication.php(185): CWebApplication->processRequest()
#2 /var/www/pastebin.stopmod.ru/index.php(11): CApplication->run()
#3 {main}
REQUEST_URI=/dev/Login?uid=43307412&first_name=%D0%98%D0%BB%D1%8C%D1%8F&last_name=%D0%AF%D1%80%D1%8B%D1%88&photo=https://sun9-72.userapi.com/c623922/v623922412/53cd/oI0N9Uw9s3U.jpg%3Fava=1&photo_rec=https://sun9-18.userapi.com/c623922/v623922412/53d0/eZOlFNWHlBs.jpg%3Fava=1&hash=e61f2d1fde872fdcaa35281b75e253e9
HTTP_REFERER=http://pastebin.stopmod.ru/
---
2020/02/02 11:14:25 [error] [exception.CHttpException.404] exception 'CHttpException' with message 'Unable to resolve the request "favicon.ico".' in /var/www/framework/web/CWebApplication.php:286
Stack trace:
#0 /var/www/framework/web/CWebApplication.php(141): CWebApplication->runController('favicon.ico')
#1 /var/www/framework/base/CApplication.php(185): CWebApplication->processRequest()
#2 /var/www/pastebin.stopmod.ru/index.php(11): CApplication->run()
#3 {main}
REQUEST_URI=/favicon.ico
HTTP_REFERER=http://pastebin.stopmod.ru/
---
2020/02/02 11:14:29 [error] [exception.CHttpException.404] exception 'CHttpException' with message 'Unable to resolve the request "dev/Login".' in /var/www/framework/web/CWebApplication.php:286
Stack trace:
#0 /var/www/framework/web/CWebApplication.php(141): CWebApplication->runController('dev/Login')
#1 /var/www/framework/base/CApplication.php(185): CWebApplication->processRequest()
#2 /var/www/pastebin.stopmod.ru/index.php(11): CApplication->run()
#3 {main}
REQUEST_URI=/dev/Login?uid=43307412&first_name=%D0%98%D0%BB%D1%8C%D1%8F&last_name=%D0%AF%D1%80%D1%8B%D1%88&photo=https://sun9-72.userapi.com/c623922/v623922412/53cd/oI0N9Uw9s3U.jpg%3Fava=1&photo_rec=https://sun9-18.userapi.com/c623922/v623922412/53d0/eZOlFNWHlBs.jpg%3Fava=1&hash=e61f2d1fde872fdcaa35281b75e253e9
HTTP_REFERER=http://pastebin.stopmod.ru/
---
2020/02/02 12:27:01 [error] [exception.CHttpException.404] exception 'CHttpException' with message 'Unable to resolve the request "dev/Login".' in /var/www/framework/web/CWebApplication.php:286
Stack trace:
#0 /var/www/framework/web/CWebApplication.php(141): CWebApplication->runController('dev/Login')
#1 /var/www/framework/base/CApplication.php(185): CWebApplication->processRequest()
#2 /var/www/pastebin.stopmod.ru/index.php(11): CApplication->run()
#3 {main}
REQUEST_URI=/dev/Login?uid=43307412&first_name=%D0%98%D0%BB%D1%8C%D1%8F&last_name=%D0%AF%D1%80%D1%8B%D1%88&photo=https://sun9-72.userapi.com/c623922/v623922412/53cd/oI0N9Uw9s3U.jpg%3Fava=1&photo_rec=https://sun9-18.userapi.com/c623922/v623922412/53d0/eZOlFNWHlBs.jpg%3Fava=1&hash=e61f2d1fde872fdcaa35281b75e253e9
HTTP_REFERER=http://pastebin.stopmod.ru/
---
2020/02/02 12:27:01 [error] [exception.CHttpException.404] exception 'CHttpException' with message 'Unable to resolve the request "favicon.ico".' in /var/www/framework/web/CWebApplication.php:286
Stack trace:
#0 /var/www/framework/web/CWebApplication.php(141): CWebApplication->runController('favicon.ico')
#1 /var/www/framework/base/CApplication.php(185): CWebApplication->processRequest()
#2 /var/www/pastebin.stopmod.ru/index.php(11): CApplication->run()
#3 {main}
REQUEST_URI=/favicon.ico
HTTP_REFERER=http://pastebin.stopmod.ru/dev/Login?uid=43307412&first_name=%D0%98%D0%BB%D1%8C%D1%8F&last_name=%D0%AF%D1%80%D1%8B%D1%88&photo=https://sun9-72.userapi.com/c623922/v623922412/53cd/oI0N9Uw9s3U.jpg%3Fava=1&photo_rec=https://sun9-18.userapi.com/c623922/v623922412/53d0/eZOlFNWHlBs.jpg%3Fava=1&hash=e61f2d1fde872fdcaa35281b75e253e9
---
2020/02/02 12:33:26 [error] [exception.CHttpException.404] exception 'CHttpException' with message 'Unable to resolve the request "dev/Login".' in /var/www/framework/web/CWebApplication.php:286
Stack trace:
#0 /var/www/framework/web/CWebApplication.php(141): CWebApplication->runController('dev/Login')
#1 /var/www/framework/base/CApplication.php(185): CWebApplication->processRequest()
#2 /var/www/pastebin.stopmod.ru/index.php(11): CApplication->run()
#3 {main}
REQUEST_URI=/dev/Login?uid=43307412&first_name=%D0%98%D0%BB%D1%8C%D1%8F&last_name=%D0%AF%D1%80%D1%8B%D1%88&photo=https://sun9-72.userapi.com/c623922/v623922412/53cd/oI0N9Uw9s3U.jpg%3Fava=1&photo_rec=https://sun9-18.userapi.com/c623922/v623922412/53d0/eZOlFNWHlBs.jpg%3Fava=1&hash=e61f2d1fde872fdcaa35281b75e253e9
HTTP_REFERER=http://pastebin.stopmod.ru/login
---
2020/02/02 12:36:06 [error] [exception.CHttpException.404] exception 'CHttpException' with message 'Unable to resolve the request "favicon.ico".' in /var/www/framework/web/CWebApplication.php:286
Stack trace:
#0 /var/www/framework/web/CWebApplication.php(141): CWebApplication->runController('favicon.ico')
#1 /var/www/framework/base/CApplication.php(185): CWebApplication->processRequest()
#2 /var/www/pastebin.stopmod.ru/index.php(11): CApplication->run()
#3 {main}
REQUEST_URI=/favicon.ico
HTTP_REFERER=http://pastebin.stopmod.ru/login
---
2020/02/02 12:36:45 [error] [exception.CHttpException.404] exception 'CHttpException' with message 'Unable to resolve the request "favicon.ico".' in /var/www/framework/web/CWebApplication.php:286
Stack trace:
#0 /var/www/framework/web/CWebApplication.php(141): CWebApplication->runController('favicon.ico')
#1 /var/www/framework/base/CApplication.php(185): CWebApplication->processRequest()
#2 /var/www/pastebin.stopmod.ru/index.php(11): CApplication->run()
#3 {main}
REQUEST_URI=/favicon.ico
HTTP_REFERER=http://pastebin.stopmod.ru/login
---
2020/02/02 12:36:52 [error] [exception.CHttpException.404] exception 'CHttpException' with message 'Unable to resolve the request "dev/Login".' in /var/www/framework/web/CWebApplication.php:286
Stack trace:
#0 /var/www/framework/web/CWebApplication.php(141): CWebApplication->runController('dev/Login')
#1 /var/www/framework/base/CApplication.php(185): CWebApplication->processRequest()
#2 /var/www/pastebin.stopmod.ru/index.php(11): CApplication->run()
#3 {main}
REQUEST_URI=/dev/Login?uid=43307412&first_name=%D0%98%D0%BB%D1%8C%D1%8F&last_name=%D0%AF%D1%80%D1%8B%D1%88&photo=https://sun9-72.userapi.com/c623922/v623922412/53cd/oI0N9Uw9s3U.jpg%3Fava=1&photo_rec=https://sun9-18.userapi.com/c623922/v623922412/53d0/eZOlFNWHlBs.jpg%3Fava=1&hash=e61f2d1fde872fdcaa35281b75e253e9
HTTP_REFERER=http://pastebin.stopmod.ru/login
---
2020/02/02 12:37:26 [error] [exception.CHttpException.404] exception 'CHttpException' with message 'Unable to resolve the request "favicon.ico".' in /var/www/framework/web/CWebApplication.php:286
Stack trace:
#0 /var/www/framework/web/CWebApplication.php(141): CWebApplication->runController('favicon.ico')
#1 /var/www/framework/base/CApplication.php(185): CWebApplication->processRequest()
#2 /var/www/pastebin.stopmod.ru/index.php(11): CApplication->run()
#3 {main}
REQUEST_URI=/favicon.ico
HTTP_REFERER=http://pastebin.stopmod.ru/login
---
2020/02/02 12:45:09 [error] [exception.CHttpException.404] exception 'CHttpException' with message 'Unable to resolve the request "favicon.ico".' in /var/www/framework/web/CWebApplication.php:286
Stack trace:
#0 /var/www/framework/web/CWebApplication.php(141): CWebApplication->runController('favicon.ico')
#1 /var/www/framework/base/CApplication.php(185): CWebApplication->processRequest()
#2 /var/www/pastebin.stopmod.ru/index.php(11): CApplication->run()
#3 {main}
REQUEST_URI=/favicon.ico
HTTP_REFERER=http://pastebin.stopmod.ru/login
---
2020/02/02 14:21:36 [error] [exception.CHttpException.404] exception 'CHttpException' with message 'Unable to resolve the request "favicon.ico".' in /var/www/framework/web/CWebApplication.php:286
Stack trace:
#0 /var/www/framework/web/CWebApplication.php(141): CWebApplication->runController('favicon.ico')
#1 /var/www/framework/base/CApplication.php(185): CWebApplication->processRequest()
#2 /var/www/pastebin.stopmod.ru/index.php(11): CApplication->run()
#3 {main}
REQUEST_URI=/favicon.ico
HTTP_REFERER=http://pastebin.stopmod.ru/
---
2020/02/02 14:23:29 [error] [php] include(LoginVk.php): failed to open stream: No such file or directory (/var/www/framework/YiiBase.php:463)
Stack trace:
#0 /var/www/pastebin.stopmod.ru/protected/controllers/SiteController.php(38): spl_autoload_call()
#1 /var/www/framework/web/actions/CInlineAction.php(49): SiteController->actionLogin()
#2 /var/www/framework/web/CController.php(308): CInlineAction->runWithParams()
#3 /var/www/framework/web/CController.php(286): SiteController->runAction()
#4 /var/www/framework/web/CController.php(265): SiteController->runActionWithFilters()
#5 /var/www/framework/web/CWebApplication.php(282): SiteController->run()
#6 /var/www/framework/web/CWebApplication.php(141): CWebApplication->runController()
#7 /var/www/framework/base/CApplication.php(185): CWebApplication->processRequest()
#8 /var/www/pastebin.stopmod.ru/index.php(11): CWebApplication->run()
REQUEST_URI=/login?uid=43307412&first_name=%D0%98%D0%BB%D1%8C%D1%8F&last_name=%D0%AF%D1%80%D1%8B%D1%88&photo=https://sun9-72.userapi.com/c623922/v623922412/53cd/oI0N9Uw9s3U.jpg%3Fava=1&photo_rec=https://sun9-18.userapi.com/c623922/v623922412/53d0/eZOlFNWHlBs.jpg%3Fava=1&hash=e61f2d1fde872fdcaa35281b75e253e9
2020/02/02 14:23:29 [error] [exception.CHttpException.404] exception 'CHttpException' with message 'Unable to resolve the request "favicon.ico".' in /var/www/framework/web/CWebApplication.php:286
Stack trace:
#0 /var/www/framework/web/CWebApplication.php(141): CWebApplication->runController('favicon.ico')
#1 /var/www/framework/base/CApplication.php(185): CWebApplication->processRequest()
#2 /var/www/pastebin.stopmod.ru/index.php(11): CApplication->run()
#3 {main}
REQUEST_URI=/favicon.ico
HTTP_REFERER=http://pastebin.stopmod.ru/login?uid=43307412&first_name=%D0%98%D0%BB%D1%8C%D1%8F&last_name=%D0%AF%D1%80%D1%8B%D1%88&photo=https://sun9-72.userapi.com/c623922/v623922412/53cd/oI0N9Uw9s3U.jpg%3Fava=1&photo_rec=https://sun9-18.userapi.com/c623922/v623922412/53d0/eZOlFNWHlBs.jpg%3Fava=1&hash=e61f2d1fde872fdcaa35281b75e253e9
---
2020/02/02 14:23:48 [error] [php] include(LoginVk.php): failed to open stream: No such file or directory (/var/www/framework/YiiBase.php:463)
Stack trace:
#0 /var/www/pastebin.stopmod.ru/protected/controllers/SiteController.php(38): spl_autoload_call()
#1 /var/www/framework/web/actions/CInlineAction.php(49): SiteController->actionLogin()
#2 /var/www/framework/web/CController.php(308): CInlineAction->runWithParams()
#3 /var/www/framework/web/CController.php(286): SiteController->runAction()
#4 /var/www/framework/web/CController.php(265): SiteController->runActionWithFilters()
#5 /var/www/framework/web/CWebApplication.php(282): SiteController->run()
#6 /var/www/framework/web/CWebApplication.php(141): CWebApplication->runController()
#7 /var/www/framework/base/CApplication.php(185): CWebApplication->processRequest()
#8 /var/www/pastebin.stopmod.ru/index.php(11): CWebApplication->run()
REQUEST_URI=/login?uid=43307412&first_name=%D0%98%D0%BB%D1%8C%D1%8F&last_name=%D0%AF%D1%80%D1%8B%D1%88&photo=https://sun9-72.userapi.com/c623922/v623922412/53cd/oI0N9Uw9s3U.jpg%3Fava=1&photo_rec=https://sun9-18.userapi.com/c623922/v623922412/53d0/eZOlFNWHlBs.jpg%3Fava=1&hash=e61f2d1fde872fdcaa35281b75e253e9
2020/02/02 14:24:12 [error] [exception.CHttpException.404] exception 'CHttpException' with message 'Unable to resolve the request "favicon.ico".' in /var/www/framework/web/CWebApplication.php:286
Stack trace:
#0 /var/www/framework/web/CWebApplication.php(141): CWebApplication->runController('favicon.ico')
#1 /var/www/framework/base/CApplication.php(185): CWebApplication->processRequest()
#2 /var/www/pastebin.stopmod.ru/index.php(11): CApplication->run()
#3 {main}
REQUEST_URI=/favicon.ico
HTTP_REFERER=http://pastebin.stopmod.ru/login?uid=43307412&first_name=%D0%98%D0%BB%D1%8C%D1%8F&last_name=%D0%AF%D1%80%D1%8B%D1%88&photo=https://sun9-72.userapi.com/c623922/v623922412/53cd/oI0N9Uw9s3U.jpg%3Fava=1&photo_rec=https://sun9-18.userapi.com/c623922/v623922412/53d0/eZOlFNWHlBs.jpg%3Fava=1&hash=e61f2d1fde872fdcaa35281b75e253e9
---
2020/02/02 14:24:32 [error] [exception.CHttpException.404] exception 'CHttpException' with message 'Unable to resolve the request "favicon.ico".' in /var/www/framework/web/CWebApplication.php:286
Stack trace:
#0 /var/www/framework/web/CWebApplication.php(141): CWebApplication->runController('favicon.ico')
#1 /var/www/framework/base/CApplication.php(185): CWebApplication->processRequest()
#2 /var/www/pastebin.stopmod.ru/index.php(11): CApplication->run()
#3 {main}
REQUEST_URI=/favicon.ico
HTTP_REFERER=http://pastebin.stopmod.ru/login?uid=43307412&first_name=%D0%98%D0%BB%D1%8C%D1%8F&last_name=%D0%AF%D1%80%D1%8B%D1%88&photo=https://sun9-72.userapi.com/c623922/v623922412/53cd/oI0N9Uw9s3U.jpg%3Fava=1&photo_rec=https://sun9-18.userapi.com/c623922/v623922412/53d0/eZOlFNWHlBs.jpg%3Fava=1&hash=e61f2d1fde872fdcaa35281b75e253e9
---
2020/02/02 14:46:44 [error] [exception.CException] exception 'CException' with message 'Property "SiteController.43307412" is not defined.' in /var/www/framework/base/CComponent.php:130
Stack trace:
#0 /var/www/pastebin.stopmod.ru/protected/controllers/SiteController.php(42): CComponent->__get('43307412')
#1 /var/www/framework/web/actions/CInlineAction.php(49): SiteController->actionLogin()
#2 /var/www/framework/web/CController.php(308): CInlineAction->runWithParams(Array)
#3 /var/www/framework/web/CController.php(286): CController->runAction(Object(CInlineAction))
#4 /var/www/framework/web/CController.php(265): CController->runActionWithFilters(Object(CInlineAction), Array)
#5 /var/www/framework/web/CWebApplication.php(282): CController->run('login')
#6 /var/www/framework/web/CWebApplication.php(141): CWebApplication->runController('site/login')
#7 /var/www/framework/base/CApplication.php(185): CWebApplication->processRequest()
#8 /var/www/pastebin.stopmod.ru/index.php(11): CApplication->run()
#9 {main}
REQUEST_URI=/login?uid=43307412&first_name=%D0%98%D0%BB%D1%8C%D1%8F&last_name=%D0%AF%D1%80%D1%8B%D1%88&photo=https://sun9-72.userapi.com/c623922/v623922412/53cd/oI0N9Uw9s3U.jpg%3Fava=1&photo_rec=https://sun9-18.userapi.com/c623922/v623922412/53d0/eZOlFNWHlBs.jpg%3Fava=1&hash=e61f2d1fde872fdcaa35281b75e253e9
HTTP_REFERER=http://pastebin.stopmod.ru/login?uid=43307412&first_name=%D0%98%D0%BB%D1%8C%D1%8F&last_name=%D0%AF%D1%80%D1%8B%D1%88&photo=https://sun9-72.userapi.com/c623922/v623922412/53cd/oI0N9Uw9s3U.jpg%3Fava=1&photo_rec=https://sun9-18.userapi.com/c623922/v623922412/53d0/eZOlFNWHlBs.jpg%3Fava=1&hash=e61f2d1fde872fdcaa35281b75e253e9
---
2020/02/02 15:16:09 [error] [exception.CHttpException.404] exception 'CHttpException' with message 'Unable to resolve the request "favicon.ico".' in /var/www/framework/web/CWebApplication.php:286
Stack trace:
#0 /var/www/framework/web/CWebApplication.php(141): CWebApplication->runController('favicon.ico')
#1 /var/www/framework/base/CApplication.php(185): CWebApplication->processRequest()
#2 /var/www/pastebin.stopmod.ru/index.php(11): CApplication->run()
#3 {main}
REQUEST_URI=/favicon.ico
HTTP_REFERER=http://pastebin.stopmod.ru/
---
2020/02/02 15:16:36 [error] [exception.CHttpException.404] exception 'CHttpException' with message 'Unable to resolve the request "favicon.ico".' in /var/www/framework/web/CWebApplication.php:286
Stack trace:
#0 /var/www/framework/web/CWebApplication.php(141): CWebApplication->runController('favicon.ico')
#1 /var/www/framework/base/CApplication.php(185): CWebApplication->processRequest()
#2 /var/www/pastebin.stopmod.ru/index.php(11): CApplication->run()
#3 {main}
REQUEST_URI=/favicon.ico
HTTP_REFERER=http://pastebin.stopmod.ru/login
---
2020/02/02 15:16:47 [error] [exception.CException] exception 'CException' with message 'Property "SiteController.43307412" is not defined.' in /var/www/framework/base/CComponent.php:130
Stack trace:
#0 /var/www/pastebin.stopmod.ru/protected/controllers/SiteController.php(42): CComponent->__get('43307412')
#1 /var/www/framework/web/actions/CInlineAction.php(49): SiteController->actionLogin()
#2 /var/www/framework/web/CController.php(308): CInlineAction->runWithParams(Array)
#3 /var/www/framework/web/CController.php(286): CController->runAction(Object(CInlineAction))
#4 /var/www/framework/web/CController.php(265): CController->runActionWithFilters(Object(CInlineAction), Array)
#5 /var/www/framework/web/CWebApplication.php(282): CController->run('login')
#6 /var/www/framework/web/CWebApplication.php(141): CWebApplication->runController('site/login')
#7 /var/www/framework/base/CApplication.php(185): CWebApplication->processRequest()
#8 /var/www/pastebin.stopmod.ru/index.php(11): CApplication->run()
#9 {main}
REQUEST_URI=/login?uid=43307412&first_name=%D0%98%D0%BB%D1%8C%D1%8F&last_name=%D0%AF%D1%80%D1%8B%D1%88&photo=https://sun9-72.userapi.com/c623922/v623922412/53cd/oI0N9Uw9s3U.jpg%3Fava=1&photo_rec=https://sun9-18.userapi.com/c623922/v623922412/53d0/eZOlFNWHlBs.jpg%3Fava=1&hash=e61f2d1fde872fdcaa35281b75e253e9
HTTP_REFERER=http://pastebin.stopmod.ru/login
---
2020/02/02 15:19:35 [error] [exception.CException] exception 'CException' with message 'Property "SiteController.43307412" is not defined.' in /var/www/framework/base/CComponent.php:130
Stack trace:
#0 /var/www/pastebin.stopmod.ru/protected/controllers/SiteController.php(42): CComponent->__get('43307412')
#1 /var/www/framework/web/actions/CInlineAction.php(49): SiteController->actionLogin()
#2 /var/www/framework/web/CController.php(308): CInlineAction->runWithParams(Array)
#3 /var/www/framework/web/CController.php(286): CController->runAction(Object(CInlineAction))
#4 /var/www/framework/web/CController.php(265): CController->runActionWithFilters(Object(CInlineAction), Array)
#5 /var/www/framework/web/CWebApplication.php(282): CController->run('login')
#6 /var/www/framework/web/CWebApplication.php(141): CWebApplication->runController('site/login')
#7 /var/www/framework/base/CApplication.php(185): CWebApplication->processRequest()
#8 /var/www/pastebin.stopmod.ru/index.php(11): CApplication->run()
#9 {main}
REQUEST_URI=/login?uid=43307412&first_name=%D0%98%D0%BB%D1%8C%D1%8F&last_name=%D0%AF%D1%80%D1%8B%D1%88&photo=https://sun9-72.userapi.com/c623922/v623922412/53cd/oI0N9Uw9s3U.jpg%3Fava=1&photo_rec=https://sun9-18.userapi.com/c623922/v623922412/53d0/eZOlFNWHlBs.jpg%3Fava=1&hash=e61f2d1fde872fdcaa35281b75e253e9
HTTP_REFERER=http://pastebin.stopmod.ru/login
---
2020/02/02 15:21:26 [error] [exception.CException] exception 'CException' with message 'Property "SiteController.43307412" is not defined.' in /var/www/framework/base/CComponent.php:130
Stack trace:
#0 /var/www/pastebin.stopmod.ru/protected/controllers/SiteController.php(42): CComponent->__get('43307412')
#1 /var/www/framework/web/actions/CInlineAction.php(49): SiteController->actionLogin()
#2 /var/www/framework/web/CController.php(308): CInlineAction->runWithParams(Array)
#3 /var/www/framework/web/CController.php(286): CController->runAction(Object(CInlineAction))
#4 /var/www/framework/web/CController.php(265): CController->runActionWithFilters(Object(CInlineAction), Array)
#5 /var/www/framework/web/CWebApplication.php(282): CController->run('login')
#6 /var/www/framework/web/CWebApplication.php(141): CWebApplication->runController('site/login')
#7 /var/www/framework/base/CApplication.php(185): CWebApplication->processRequest()
#8 /var/www/pastebin.stopmod.ru/index.php(11): CApplication->run()
#9 {main}
REQUEST_URI=/login?uid=43307412&first_name=%D0%98%D0%BB%D1%8C%D1%8F&last_name=%D0%AF%D1%80%D1%8B%D1%88&photo=https://sun9-72.userapi.com/c623922/v623922412/53cd/oI0N9Uw9s3U.jpg%3Fava=1&photo_rec=https://sun9-18.userapi.com/c623922/v623922412/53d0/eZOlFNWHlBs.jpg%3Fava=1&hash=e61f2d1fde872fdcaa35281b75e253e9
HTTP_REFERER=http://pastebin.stopmod.ru/login
---
2020/02/02 15:21:27 [error] [exception.CHttpException.404] exception 'CHttpException' with message 'Unable to resolve the request "favicon.ico".' in /var/www/framework/web/CWebApplication.php:286
Stack trace:
#0 /var/www/framework/web/CWebApplication.php(141): CWebApplication->runController('favicon.ico')
#1 /var/www/framework/base/CApplication.php(185): CWebApplication->processRequest()
#2 /var/www/pastebin.stopmod.ru/index.php(11): CApplication->run()
#3 {main}
REQUEST_URI=/favicon.ico
HTTP_REFERER=http://pastebin.stopmod.ru/login?uid=43307412&first_name=%D0%98%D0%BB%D1%8C%D1%8F&last_name=%D0%AF%D1%80%D1%8B%D1%88&photo=https://sun9-72.userapi.com/c623922/v623922412/53cd/oI0N9Uw9s3U.jpg%3Fava=1&photo_rec=https://sun9-18.userapi.com/c623922/v623922412/53d0/eZOlFNWHlBs.jpg%3Fava=1&hash=e61f2d1fde872fdcaa35281b75e253e9
---
2020/02/02 15:22:30 [error] [exception.CHttpException.404] exception 'CHttpException' with message 'Unable to resolve the request "favicon.ico".' in /var/www/framework/web/CWebApplication.php:286
Stack trace:
#0 /var/www/framework/web/CWebApplication.php(141): CWebApplication->runController('favicon.ico')
#1 /var/www/framework/base/CApplication.php(185): CWebApplication->processRequest()
#2 /var/www/pastebin.stopmod.ru/index.php(11): CApplication->run()
#3 {main}
REQUEST_URI=/favicon.ico
HTTP_REFERER=http://pastebin.stopmod.ru/login?uid=43307412&first_name=%D0%98%D0%BB%D1%8C%D1%8F&last_name=%D0%AF%D1%80%D1%8B%D1%88&photo=https://sun9-72.userapi.com/c623922/v623922412/53cd/oI0N9Uw9s3U.jpg%3Fava=1&photo_rec=https://sun9-18.userapi.com/c623922/v623922412/53d0/eZOlFNWHlBs.jpg%3Fava=1&hash=e61f2d1fde872fdcaa35281b75e253e9
---
2020/02/02 15:54:46 [error] [exception.CHttpException.404] exception 'CHttpException' with message 'Unable to resolve the request "favicon.ico".' in /var/www/framework/web/CWebApplication.php:286
Stack trace:
#0 /var/www/framework/web/CWebApplication.php(141): CWebApplication->runController('favicon.ico')
#1 /var/www/framework/base/CApplication.php(185): CWebApplication->processRequest()
#2 /var/www/pastebin.stopmod.ru/index.php(11): CApplication->run()
#3 {main}
REQUEST_URI=/favicon.ico
HTTP_REFERER=http://pastebin.stopmod.ru/login
---
2020/02/02 16:30:34 [error] [exception.CHttpException.404] exception 'CHttpException' with message 'Unable to resolve the request "favicon.ico".' in /var/www/framework/web/CWebApplication.php:286
Stack trace:
#0 /var/www/framework/web/CWebApplication.php(141): CWebApplication->runController('favicon.ico')
#1 /var/www/framework/base/CApplication.php(185): CWebApplication->processRequest()
#2 /var/www/pastebin.stopmod.ru/index.php(11): CApplication->run()
#3 {main}
REQUEST_URI=/favicon.ico
HTTP_REFERER=http://pastebin.stopmod.ru/signUp
---
2020/02/02 16:31:10 [error] [system.db.CDbCommand] CDbCommand::execute() failed: SQLSTATE[HY000]: General error: 1364 Field 'email' doesn't have a default value. The SQL statement executed was: INSERT INTO `tbl_user` (`username`, `password`) VALUES (:yp0, :yp1).
2020/02/02 16:31:10 [error] [exception.CDbException] exception 'CDbException' with message 'CDbCommand failed to execute the SQL statement: SQLSTATE[HY000]: General error: 1364 Field 'email' doesn't have a default value' in /var/www/framework/db/CDbCommand.php:358
Stack trace:
#0 /var/www/framework/db/ar/CActiveRecord.php(1083): CDbCommand->execute()
#1 /var/www/framework/db/ar/CActiveRecord.php(811): CActiveRecord->insert(NULL)
#2 /var/www/pastebin.stopmod.ru/protected/controllers/SiteController.php(87): CActiveRecord->save()
#3 /var/www/framework/web/actions/CInlineAction.php(49): SiteController->actionSignUp()
#4 /var/www/framework/web/CController.php(308): CInlineAction->runWithParams(Array)
#5 /var/www/framework/web/CController.php(286): CController->runAction(Object(CInlineAction))
#6 /var/www/framework/web/CController.php(265): CController->runActionWithFilters(Object(CInlineAction), Array)
#7 /var/www/framework/web/CWebApplication.php(282): CController->run('signUp')
#8 /var/www/framework/web/CWebApplication.php(141): CWebApplication->runController('site/signUp')
#9 /var/www/framework/base/CApplication.php(185): CWebApplication->processRequest()
#10 /var/www/pastebin.stopmod.ru/index.php(11): CApplication->run()
#11 {main}
REQUEST_URI=/signUp
HTTP_REFERER=http://pastebin.stopmod.ru/signUp
---
2020/02/02 16:35:04 [error] [exception.CHttpException.404] exception 'CHttpException' with message 'Unable to resolve the request "favicon.ico".' in /var/www/framework/web/CWebApplication.php:286
Stack trace:
#0 /var/www/framework/web/CWebApplication.php(141): CWebApplication->runController('favicon.ico')
#1 /var/www/framework/base/CApplication.php(185): CWebApplication->processRequest()
#2 /var/www/pastebin.stopmod.ru/index.php(11): CApplication->run()
#3 {main}
REQUEST_URI=/favicon.ico
HTTP_REFERER=http://pastebin.stopmod.ru/
---
2020/02/02 18:05:59 [error] [exception.CHttpException.404] exception 'CHttpException' with message 'Error 404' in /var/www/pastebin.stopmod.ru/protected/controllers/SiteController.php:79
Stack trace:
#0 /var/www/framework/web/actions/CInlineAction.php(49): SiteController->actionSignUp()
#1 /var/www/framework/web/CController.php(308): CInlineAction->runWithParams(Array)
#2 /var/www/framework/web/CController.php(286): CController->runAction(Object(CInlineAction))
#3 /var/www/framework/web/CController.php(265): CController->runActionWithFilters(Object(CInlineAction), Array)
#4 /var/www/framework/web/CWebApplication.php(282): CController->run('signUp')
#5 /var/www/framework/web/CWebApplication.php(141): CWebApplication->runController('site/signUp')
#6 /var/www/framework/base/CApplication.php(185): CWebApplication->processRequest()
#7 /var/www/pastebin.stopmod.ru/index.php(11): CApplication->run()
#8 {main}
REQUEST_URI=/signUp?uid=43307412&first_name=%D0%98%D0%BB%D1%8C%D1%8F&last_name=%D0%AF%D1%80%D1%8B%D1%88&photo=https://sun9-72.userapi.com/c623922/v623922412/53cd/oI0N9Uw9s3U.jpg%3Fava=1&photo_rec=https://sun9-18.userapi.com/c623922/v623922412/53d0/eZOlFNWHlBs.jpg%3Fava=1&hash=e61f2d1fde872fdcaa35281b75e253e9
---
